Containers:
  [+] MainContainer:
   |            ID: 0x0000000000000000
   |        Bounds: IsValid=false, Min=(X=0.000 Y=0.000 Z=0.000), Max=(X=0.000 Y=0.000 Z=0.000)
   |     Transform: 0.000000,0.000000,0.000000|0.000000,0.000000,-0.000000|1.000000,1.000000,1.000000
   |     Container: /Game/ThirdPerson/Maps/ThirdPersonMap
   |  ActorDescs:
   |      - Guid:2661999B439E668E41535F9675EAC261 Class:StaticMeshActor Name:StaticMeshActor_UAID_4CCC6A0316ED684E01_1992833831 SpatiallyLoaded:true Bounds:IsValid=true, Min=(X=920.000 Y=550.000 Z=0.000), Max=(X=1920.000 Y=1410.000 Z=2500.000) RuntimeGrid:None EditorOnly:false LevelBoundsRelevant:true HLODRelevant:true FolderPath:None FolderGuid:00000000000000000000000000000000 Parent:00000000000000000000000000000000
   |      - Guid:2FB58999456391D349DC0F86DAC136ED Class:SkyLight Name:SkyLight_1 SpatiallyLoaded:false Bounds:IsValid=true, Min=(X=0.000 Y=0.000 Z=690.000), Max=(X=0.000 Y=0.000 Z=690.000) RuntimeGrid:None EditorOnly:false LevelBoundsRelevant:false HLODRelevant:false FolderPath:Lighting FolderGuid:963EC3EB4002CCE9759E2EBA541A873A Parent:00000000000000000000000000000000
   |      - Guid:316CF2A6494ACA4C0E4180A87D36AB8F Class:ExponentialHeightFog Name:ExponentialHeightFog_0 SpatiallyLoaded:false Bounds:IsValid=true, Min=(X=-5600.000 Y=-50.000 Z=-6850.000), Max=(X=-5600.000 Y=-50.000 Z=-6850.000) RuntimeGrid:None EditorOnly:false LevelBoundsRelevant:false HLODRelevant:false FolderPath:Lighting FolderGuid:963EC3EB4002CCE9759E2EBA541A873A Parent:00000000000000000000000000000000
   |      - Guid:3A00AA1C422CE54C0BDB60BAF471BFBB Class:PlayerStart Name:PlayerStart_0 SpatiallyLoaded:false Bounds:IsValid=true, Min=(X=1225.166 Y=1878.704 Z=2729.889), Max=(X=1305.166 Y=1958.704 Z=2913.889) RuntimeGrid:None EditorOnly:false LevelBoundsRelevant:true HLODRelevant:false FolderPath:None FolderGuid:00000000000000000000000000000000 Parent:00000000000000000000000000000000
   |      - Guid:43815E84492231AFC407F59E3C28176B Class:StaticMeshActor Name:StaticMeshActor_4 SpatiallyLoaded:true Bounds:IsValid=true, Min=(X=2900.000 Y=100.000 Z=0.000), Max=(X=3000.000 Y=3400.000 Z=400.000) RuntimeGrid:None EditorOnly:false LevelBoundsRelevant:true HLODRelevant:true FolderPath:Playground FolderGuid:C73F09FC4215536B1DCE2A9E0A830C70 Parent:00000000000000000000000000000000
   |      - Guid:4D3BE93F4146AAAC8BBE79999D96D57F Class:VolumetricCloud Name:VolumetricCloud_0 SpatiallyLoaded:false Bounds:IsValid=true, Min=(X=0.000 Y=0.000 Z=820.000), Max=(X=0.000 Y=0.000 Z=820.000) RuntimeGrid:None EditorOnly:false LevelBoundsRelevant:false HLODRelevant:false FolderPath:Lighting FolderGuid:963EC3EB4002CCE9759E2EBA541A873A Parent:00000000000000000000000000000000
   |      - Guid:65BDA3B4465DA297098C6BB399C0BF98 Class:StaticMeshActor Name:StaticMeshActor_UAID_4CCC6A0316ED714C01_1540405304 SpatiallyLoaded:true Bounds:IsValid=true, Min=(X=1300.000 Y=1130.000 Z=200.000), Max=(X=1400.000 Y=1230.000 Z=300.000) RuntimeGrid:None EditorOnly:false LevelBoundsRelevant:true HLODRelevant:false FolderPath:None FolderGuid:00000000000000000000000000000000 Parent:00000000000000000000000000000000
   |      - Guid:6BAF4DDD444C60371492D3919DB42C97 Class:WorldDataLayers Name:WorldDataLayers SpatiallyLoaded:false Bounds:IsValid=true, Min=(X=0.000 Y=0.000 Z=0.000), Max=(X=0.000 Y=0.000 Z=0.000) RuntimeGrid:None EditorOnly:false LevelBoundsRelevant:false HLODRelevant:false FolderPath:None FolderGuid:00000000000000000000000000000000 Parent:00000000000000000000000000000000
   |      - Guid:A56216954B2165CF0F35A886B537D536 Class:StaticMeshActor Name:StaticMeshActor_0 SpatiallyLoaded:true Bounds:IsValid=true, Min=(X=-0.000 Y=100.000 Z=0.000), Max=(X=100.000 Y=3400.000 Z=400.000) RuntimeGrid:None EditorOnly:false LevelBoundsRelevant:true HLODRelevant:true FolderPath:Playground FolderGuid:C73F09FC4215536B1DCE2A9E0A830C70 Parent:00000000000000000000000000000000
   |      - Guid:B785ED2844B84CFB91E7F39FE661CD99 Class:DirectionalLight Name:DirectionalLight_0 SpatiallyLoaded:false Bounds:IsValid=true, Min=(X=-1048576.000 Y=-1048576.000 Z=-1048576.000), Max=(X=1048576.000 Y=1048576.000 Z=1048576.000) RuntimeGrid:None EditorOnly:false LevelBoundsRelevant:false HLODRelevant:false FolderPath:Lighting FolderGuid:963EC3EB4002CCE9759E2EBA541A873A Parent:00000000000000000000000000000000
   |      - Guid:BC08B79C4EA3C961CFF75EBBE83B367D Class:StaticMeshActor Name:StaticMeshActor_5 SpatiallyLoaded:true Bounds:IsValid=true, Min=(X=0.000 Y=0.000 Z=0.000), Max=(X=3000.000 Y=100.000 Z=400.000) RuntimeGrid:None EditorOnly:false LevelBoundsRelevant:true HLODRelevant:true FolderPath:Playground FolderGuid:C73F09FC4215536B1DCE2A9E0A830C70 Parent:00000000000000000000000000000000
   |      - Guid:BF1C0B914E352F897D016892DBCD1DFF Class:Actor Name:Windtunnel_C_UAID_4CCC6A0316ED6C4C01_1468743423 SpatiallyLoaded:true Bounds:IsValid=true, Min=(X=1010.000 Y=680.000 Z=20.000), Max=(X=1610.000 Y=1280.000 Z=2020.000) RuntimeGrid:None EditorOnly:false LevelBoundsRelevant:true HLODRelevant:false FolderPath:None FolderGuid:00000000000000000000000000000000 Parent:00000000000000000000000000000000
   |      - Guid:CCFF262C46EEFFDF319E7F9539CE697E Class:SkyAtmosphere Name:SkyAtmosphere_0 SpatiallyLoaded:false Bounds:IsValid=true, Min=(X=0.000 Y=0.000 Z=1020.000), Max=(X=0.000 Y=0.000 Z=1020.000) RuntimeGrid:None EditorOnly:false LevelBoundsRelevant:false HLODRelevant:false FolderPath:Lighting FolderGuid:963EC3EB4002CCE9759E2EBA541A873A Parent:00000000000000000000000000000000
   |      - Guid:EC4E0C944CE6AC6E784BC6BB2916EA13 Class:StaticMeshActor Name:StaticMeshActor_UAID_A4AE111137DC5EFB00_1110535423 SpatiallyLoaded:true Bounds:IsValid=true, Min=(X=-1638400.000 Y=-1638400.000 Z=-1638400.000), Max=(X=1638400.000 Y=1638400.000 Z=1638400.000) RuntimeGrid:None EditorOnly:false LevelBoundsRelevant:true HLODRelevant:true FolderPath:Lighting FolderGuid:963EC3EB4002CCE9759E2EBA541A873A Parent:00000000000000000000000000000000
   |      - Guid:F1924B8D48954B30891B2DB6A694F9CC Class:StaticMeshActor Name:StaticMeshActor_1 SpatiallyLoaded:true Bounds:IsValid=true, Min=(X=0.000 Y=0.000 Z=-50.000), Max=(X=3000.000 Y=3500.000 Z=0.000) RuntimeGrid:None EditorOnly:false LevelBoundsRelevant:true HLODRelevant:true FolderPath:Playground FolderGuid:C73F09FC4215536B1DCE2A9E0A830C70 Parent:00000000000000000000000000000000
   |      - Guid:F5E3FEB3450C49844FD93DA8E083C8AD Class:PostProcessVolume Name:PostProcessVolume_0 SpatiallyLoaded:false Bounds:IsValid=true, Min=(X=0.000 Y=0.000 Z=400.000), Max=(X=200.000 Y=200.000 Z=600.000) RuntimeGrid:None EditorOnly:false LevelBoundsRelevant:false HLODRelevant:false FolderPath:Lighting FolderGuid:963EC3EB4002CCE9759E2EBA541A873A Parent:00000000000000000000000000000000
   |      - Guid:FF698C67459ADB4982D7759C0905EE9F Class:StaticMeshActor Name:StaticMeshActor_6 SpatiallyLoaded:true Bounds:IsValid=true, Min=(X=0.000 Y=3400.000 Z=0.000), Max=(X=3000.000 Y=3500.000 Z=400.000) RuntimeGrid:None EditorOnly:false LevelBoundsRelevant:true HLODRelevant:true FolderPath:Playground FolderGuid:C73F09FC4215536B1DCE2A9E0A830C70 Parent:00000000000000000000000000000000
